# JRE version: Java(TM) SE Runtime Environment (9.0+11) (build 9.0.4+11)
# Java VM: Java HotSpot(TM) 64-Bit Server VM (9.0.4+11, mixed mode, tiered, compressed oops, g1 gc, windows-amd64)
Heap:
 garbage-first heap   total 389120K, used 145582K [0x0000000700000000, 0x0000000700100be0, 0x00000007c0000000)
  region size 1024K, 4 young (4096K), 1 survivors (1024K)
 Metaspace       used 92767K, capacity 94837K, committed 103244K, reserved 1138688K
  class space    used 12455K, capacity 12892K, committed 14668K, reserved 1048576K
GC Heap History (10 events):
Event: 5729.600 GC heap before
{Heap before GC invocations=1320 (full 373):
 garbage-first heap   total 389120K, used 202938K [0x0000000700000000, 0x0000000700100be0, 0x00000007c0000000)
  region size 1024K, 60 young (61440K), 0 survivors (0K)
 Metaspace       used 92765K, capacity 94837K, committed 103244K, reserved 1138688K
  class space    used 12455K, capacity 12892K, committed 14668K, reserved 1048576K
}
Event: 5729.603 GC heap after
{Heap after GC invocations=1321 (full 373):
 garbage-first heap   total 389120K, used 142359K [0x0000000700000000, 0x0000000700100be0, 0x00000007c0000000)
  region size 1024K, 1 young (1024K), 1 survivors (1024K)
 Metaspace       used 92765K, capacity 94837K, committed 103244K, reserved 1138688K
  class space    used 12455K, capacity 12892K, committed 14668K, reserved 1048576K
}
Event: 5731.939 GC heap before
{Heap before GC invocations=1321 (full 373):
 garbage-first heap   total 389120K, used 202775K [0x0000000700000000, 0x0000000700100be0, 0x00000007c0000000)
  region size 1024K, 60 young (61440K), 1 survivors (1024K)
 Metaspace       used 92765K, capacity 94837K, committed 103244K, reserved 1138688K
  class space    used 12455K, capacity 12892K, committed 14668K, reserved 1048576K
}
Event: 5731.942 GC heap after
{Heap after GC invocations=1322 (full 373):
 garbage-first heap   total 389120K, used 141972K [0x0000000700000000, 0x0000000700100be0, 0x00000007c0000000)
  region size 1024K, 1 young (1024K), 1 survivors (1024K)
 Metaspace       used 92765K, capacity 94837K, committed 103244K, reserved 1138688K
  class space    used 12455K, capacity 12892K, committed 14668K, reserved 1048576K
}
Event: 5739.059 GC heap before
{Heap before GC invocations=1322 (full 373):
 garbage-first heap   total 389120K, used 184980K [0x0000000700000000, 0x0000000700100be0, 0x00000007c0000000)
  region size 1024K, 42 young (43008K), 1 survivors (1024K)
 Metaspace       used 92765K, capacity 94837K, committed 103244K, reserved 1138688K
  class space    used 12455K, capacity 12892K, committed 14668K, reserved 1048576K
}
Event: 5739.488 GC heap after
{Heap after GC invocations=1323 (full 374):
 garbage-first heap   total 389120K, used 141014K [0x0000000700000000, 0x0000000700100be0, 0x00000007c0000000)
  region size 1024K, 0 young (0K), 0 survivors (0K)
 Metaspace       used 92765K, capacity 94837K, committed 103244K, reserved 1138688K
  class space    used 12455K, capacity 12892K, committed 14668K, reserved 1048576K
}
Event: 5741.303 GC heap before
{Heap before GC invocations=1323 (full 374):
 garbage-first heap   total 389120K, used 204502K [0x0000000700000000, 0x0000000700100be0, 0x00000007c0000000)
  region size 1024K, 60 young (61440K), 0 survivors (0K)
 Metaspace       used 92765K, capacity 94837K, committed 103244K, reserved 1138688K
  class space    used 12455K, capacity 12892K, committed 14668K, reserved 1048576K
}
Event: 5741.306 GC heap after
{Heap after GC invocations=1324 (full 374):
 garbage-first heap   total 389120K, used 143507K [0x0000000700000000, 0x0000000700100be0, 0x00000007c0000000)
  region size 1024K, 1 young (1024K), 1 survivors (1024K)
 Metaspace       used 92765K, capacity 94837K, committed 103244K, reserved 1138688K
  class space    used 12455K, capacity 12892K, committed 14668K, reserved 1048576K
}
Event: 5742.264 GC heap before
{Heap before GC invocations=1324 (full 374):
 garbage-first heap   total 389120K, used 203923K [0x0000000700000000, 0x0000000700100be0, 0x00000007c0000000)
  region size 1024K, 60 young (61440K), 1 survivors (1024K)
 Metaspace       used 92767K, capacity 94837K, committed 103244K, reserved 1138688K
  class space    used 12455K, capacity 12892K, committed 14668K, reserved 1048576K
}
Event: 5742.267 GC heap after
{Heap after GC invocations=1325 (full 374):
 garbage-first heap   total 389120K, used 143534K [0x0000000700000000, 0x0000000700100be0, 0x00000007c0000000)
  region size 1024K, 1 young (1024K), 1 survivors (1024K)
 Metaspace       used 92767K, capacity 94837K, committed 103244K, reserved 1138688K
  class space    used 12455K, capacity 12892K, committed 14668K, reserved 1048576K
}

